{"/Users/nataliealway/devstation/401/lab-10-final-api-server/models/categories.js": {"path":"/Users/nataliealway/devstation/401/lab-10-final-api-server/models/categories.js","statementMap":{"0":{"start":{"line":5,"column":18},"end":{"line":5,"column":39}},"1":{"start":{"line":6,"column":15},"end":{"line":6,"column":55}},"2":{"start":{"line":9,"column":18},"end":{"line":9,"column":33}},"3":{"start":{"line":12,"column":0},"end":{"line":12,"column":32}}},"fnMap":{"0":{"name":"(anonymous_0)","decl":{"start":{"line":9,"column":2},"end":{"line":9,"column":3}},"loc":{"start":{"line":9,"column":16},"end":{"line":9,"column":35}},"line":9}},"branchMap":{},"s":{"0":2,"1":2,"2":2,"3":2},"f":{"0":2},"b":{},"_coverageSchema":"43e27e138ebf9cfc5966b082cf9a028302ed4184","hash":"41400505bdf6eba48d8e0a3d5508c0e576a0e285"}
,"/Users/nataliealway/devstation/401/lab-10-final-api-server/models/mongo.js": {"path":"/Users/nataliealway/devstation/401/lab-10-final-api-server/models/mongo.js","statementMap":{"0":{"start":{"line":6,"column":4},"end":{"line":6,"column":25}},"1":{"start":{"line":10,"column":4},"end":{"line":13,"column":37}},"2":{"start":{"line":11,"column":6},"end":{"line":11,"column":42}},"3":{"start":{"line":13,"column":9},"end":{"line":13,"column":37}},"4":{"start":{"line":17,"column":20},"end":{"line":17,"column":43}},"5":{"start":{"line":18,"column":4},"end":{"line":18,"column":28}},"6":{"start":{"line":23,"column":4},"end":{"line":28,"column":5}},"7":{"start":{"line":24,"column":6},"end":{"line":24,"column":69}},"8":{"start":{"line":27,"column":6},"end":{"line":27,"column":23}},"9":{"start":{"line":32,"column":4},"end":{"line":37,"column":5}},"10":{"start":{"line":33,"column":6},"end":{"line":33,"column":48}},"11":{"start":{"line":36,"column":6},"end":{"line":36,"column":41}},"12":{"start":{"line":44,"column":0},"end":{"line":44,"column":23}}},"fnMap":{"0":{"name":"(anonymous_0)","decl":{"start":{"line":5,"column":2},"end":{"line":5,"column":3}},"loc":{"start":{"line":5,"column":21},"end":{"line":7,"column":3}},"line":5},"1":{"name":"(anonymous_1)","decl":{"start":{"line":9,"column":2},"end":{"line":9,"column":3}},"loc":{"start":{"line":9,"column":10},"end":{"line":14,"column":3}},"line":9},"2":{"name":"(anonymous_2)","decl":{"start":{"line":16,"column":2},"end":{"line":16,"column":3}},"loc":{"start":{"line":16,"column":14},"end":{"line":19,"column":3}},"line":16},"3":{"name":"(anonymous_3)","decl":{"start":{"line":22,"column":2},"end":{"line":22,"column":3}},"loc":{"start":{"line":22,"column":18},"end":{"line":29,"column":3}},"line":22},"4":{"name":"(anonymous_4)","decl":{"start":{"line":31,"column":2},"end":{"line":31,"column":3}},"loc":{"start":{"line":31,"column":13},"end":{"line":38,"column":3}},"line":31}},"branchMap":{"0":{"loc":{"start":{"line":10,"column":4},"end":{"line":13,"column":37}},"type":"if","locations":[{"start":{"line":10,"column":4},"end":{"line":13,"column":37}},{"start":{"line":10,"column":4},"end":{"line":13,"column":37}}],"line":10},"1":{"loc":{"start":{"line":23,"column":4},"end":{"line":28,"column":5}},"type":"if","locations":[{"start":{"line":23,"column":4},"end":{"line":28,"column":5}},{"start":{"line":23,"column":4},"end":{"line":28,"column":5}}],"line":23},"2":{"loc":{"start":{"line":23,"column":7},"end":{"line":23,"column":20}},"type":"binary-expr","locations":[{"start":{"line":23,"column":7},"end":{"line":23,"column":10}},{"start":{"line":23,"column":14},"end":{"line":23,"column":20}}],"line":23},"3":{"loc":{"start":{"line":32,"column":4},"end":{"line":37,"column":5}},"type":"if","locations":[{"start":{"line":32,"column":4},"end":{"line":37,"column":5}},{"start":{"line":32,"column":4},"end":{"line":37,"column":5}}],"line":32}},"s":{"0":4,"1":5,"2":2,"3":3,"4":10,"5":10,"6":2,"7":2,"8":0,"9":2,"10":2,"11":0,"12":2},"f":{"0":4,"1":5,"2":10,"3":2,"4":2},"b":{"0":[2,3],"1":[2,0],"2":[2,2],"3":[2,0]},"_coverageSchema":"43e27e138ebf9cfc5966b082cf9a028302ed4184","hash":"6b323adc69b9fcac938ed1e7c00502209ea234c8"}
,"/Users/nataliealway/devstation/401/lab-10-final-api-server/models/products.js": {"path":"/Users/nataliealway/devstation/401/lab-10-final-api-server/models/products.js","statementMap":{"0":{"start":{"line":5,"column":18},"end":{"line":5,"column":39}},"1":{"start":{"line":6,"column":15},"end":{"line":6,"column":53}},"2":{"start":{"line":9,"column":19},"end":{"line":9,"column":33}},"3":{"start":{"line":13,"column":0},"end":{"line":13,"column":30}}},"fnMap":{"0":{"name":"(anonymous_0)","decl":{"start":{"line":9,"column":2},"end":{"line":9,"column":3}},"loc":{"start":{"line":9,"column":17},"end":{"line":9,"column":35}},"line":9}},"branchMap":{},"s":{"0":2,"1":2,"2":2,"3":2},"f":{"0":2},"b":{},"_coverageSchema":"43e27e138ebf9cfc5966b082cf9a028302ed4184","hash":"052706b54983b1dc876f2e55412aa1cf6bb8ca09"}
,"/Users/nataliealway/devstation/401/lab-10-final-api-server/models/schema/categories-schema.js": {"path":"/Users/nataliealway/devstation/401/lab-10-final-api-server/models/schema/categories-schema.js","statementMap":{"0":{"start":{"line":5,"column":17},"end":{"line":5,"column":36}},"1":{"start":{"line":7,"column":19},"end":{"line":11,"column":2}},"2":{"start":{"line":13,"column":0},"end":{"line":13,"column":58}}},"fnMap":{},"branchMap":{},"s":{"0":2,"1":2,"2":2},"f":{},"b":{},"_coverageSchema":"43e27e138ebf9cfc5966b082cf9a028302ed4184","hash":"258bf37b17627c370c5caf5b37776d2cc71a7569"}
,"/Users/nataliealway/devstation/401/lab-10-final-api-server/models/schema/products-schema.js": {"path":"/Users/nataliealway/devstation/401/lab-10-final-api-server/models/schema/products-schema.js","statementMap":{"0":{"start":{"line":5,"column":17},"end":{"line":5,"column":36}},"1":{"start":{"line":7,"column":17},"end":{"line":12,"column":2}},"2":{"start":{"line":14,"column":0},"end":{"line":14,"column":54}}},"fnMap":{},"branchMap":{},"s":{"0":2,"1":2,"2":2},"f":{},"b":{},"_coverageSchema":"43e27e138ebf9cfc5966b082cf9a028302ed4184","hash":"22a69a319513f7859996397140dc885dfe90cdc9"}
,"/Users/nataliealway/devstation/401/lab-10-final-api-server/src/server.js": {"path":"/Users/nataliealway/devstation/401/lab-10-final-api-server/src/server.js","statementMap":{"0":{"start":{"line":4,"column":16},"end":{"line":4,"column":34}},"1":{"start":{"line":5,"column":13},"end":{"line":5,"column":28}},"2":{"start":{"line":6,"column":15},"end":{"line":6,"column":32}},"3":{"start":{"line":9,"column":15},"end":{"line":9,"column":40}},"4":{"start":{"line":13,"column":12},"end":{"line":13,"column":21}},"5":{"start":{"line":16,"column":0},"end":{"line":16,"column":16}},"6":{"start":{"line":17,"column":0},"end":{"line":17,"column":23}},"7":{"start":{"line":19,"column":0},"end":{"line":19,"column":24}},"8":{"start":{"line":20,"column":0},"end":{"line":20,"column":45}},"9":{"start":{"line":21,"column":0},"end":{"line":21,"column":16}},"10":{"start":{"line":26,"column":0},"end":{"line":32,"column":2}},"11":{"start":{"line":29,"column":15},"end":{"line":29,"column":47}},"12":{"start":{"line":30,"column":4},"end":{"line":30,"column":68}},"13":{"start":{"line":30,"column":27},"end":{"line":30,"column":66}}},"fnMap":{"0":{"name":"(anonymous_0)","decl":{"start":{"line":28,"column":9},"end":{"line":28,"column":10}},"loc":{"start":{"line":28,"column":17},"end":{"line":31,"column":3}},"line":28},"1":{"name":"(anonymous_1)","decl":{"start":{"line":30,"column":21},"end":{"line":30,"column":22}},"loc":{"start":{"line":30,"column":27},"end":{"line":30,"column":66}},"line":30}},"branchMap":{"0":{"loc":{"start":{"line":29,"column":15},"end":{"line":29,"column":47}},"type":"binary-expr","locations":[{"start":{"line":29,"column":15},"end":{"line":29,"column":19}},{"start":{"line":29,"column":23},"end":{"line":29,"column":39}},{"start":{"line":29,"column":43},"end":{"line":29,"column":47}}],"line":29}},"s":{"0":2,"1":2,"2":2,"3":2,"4":2,"5":2,"6":2,"7":2,"8":2,"9":2,"10":2,"11":0,"12":0,"13":0},"f":{"0":0,"1":0},"b":{"0":[0,0,0]},"_coverageSchema":"43e27e138ebf9cfc5966b082cf9a028302ed4184","hash":"4a6003f3094d5af022539402c018635180c7f210"}
,"/Users/nataliealway/devstation/401/lab-10-final-api-server/src/routes/v1.js": {"path":"/Users/nataliealway/devstation/401/lab-10-final-api-server/src/routes/v1.js","statementMap":{"0":{"start":{"line":3,"column":16},"end":{"line":3,"column":34}},"1":{"start":{"line":4,"column":15},"end":{"line":4,"column":31}},"2":{"start":{"line":6,"column":19},"end":{"line":6,"column":56}},"3":{"start":{"line":7,"column":17},"end":{"line":7,"column":52}},"4":{"start":{"line":19,"column":14},"end":{"line":19,"column":30}},"5":{"start":{"line":20,"column":2},"end":{"line":31,"column":3}},"6":{"start":{"line":22,"column":4},"end":{"line":22,"column":27}},"7":{"start":{"line":23,"column":4},"end":{"line":23,"column":11}},"8":{"start":{"line":24,"column":4},"end":{"line":24,"column":11}},"9":{"start":{"line":26,"column":4},"end":{"line":26,"column":25}},"10":{"start":{"line":27,"column":4},"end":{"line":27,"column":11}},"11":{"start":{"line":28,"column":4},"end":{"line":28,"column":11}},"12":{"start":{"line":30,"column":4},"end":{"line":30,"column":26}},"13":{"start":{"line":34,"column":0},"end":{"line":34,"column":32}},"14":{"start":{"line":39,"column":0},"end":{"line":39,"column":43}},"15":{"start":{"line":40,"column":0},"end":{"line":40,"column":42}},"16":{"start":{"line":41,"column":0},"end":{"line":41,"column":47}},"17":{"start":{"line":42,"column":0},"end":{"line":42,"column":44}},"18":{"start":{"line":43,"column":0},"end":{"line":43,"column":50}},"19":{"start":{"line":47,"column":0},"end":{"line":49,"column":3}},"20":{"start":{"line":48,"column":2},"end":{"line":48,"column":24}},"21":{"start":{"line":60,"column":2},"end":{"line":68,"column":17}},"22":{"start":{"line":62,"column":21},"end":{"line":65,"column":7}},"23":{"start":{"line":66,"column":6},"end":{"line":66,"column":35}},"24":{"start":{"line":80,"column":11},"end":{"line":80,"column":24}},"25":{"start":{"line":81,"column":2},"end":{"line":83,"column":17}},"26":{"start":{"line":82,"column":20},"end":{"line":82,"column":36}},"27":{"start":{"line":95,"column":2},"end":{"line":97,"column":17}},"28":{"start":{"line":96,"column":20},"end":{"line":96,"column":48}},"29":{"start":{"line":109,"column":11},"end":{"line":109,"column":24}},"30":{"start":{"line":110,"column":2},"end":{"line":112,"column":17}},"31":{"start":{"line":111,"column":20},"end":{"line":111,"column":48}},"32":{"start":{"line":124,"column":11},"end":{"line":124,"column":24}},"33":{"start":{"line":125,"column":2},"end":{"line":127,"column":17}},"34":{"start":{"line":126,"column":20},"end":{"line":126,"column":48}},"35":{"start":{"line":130,"column":0},"end":{"line":130,"column":24}}},"fnMap":{"0":{"name":"getModel","decl":{"start":{"line":18,"column":9},"end":{"line":18,"column":17}},"loc":{"start":{"line":18,"column":33},"end":{"line":32,"column":1}},"line":18},"1":{"name":"(anonymous_1)","decl":{"start":{"line":47,"column":16},"end":{"line":47,"column":17}},"loc":{"start":{"line":47,"column":30},"end":{"line":49,"column":1}},"line":47},"2":{"name":"handleGetAll","decl":{"start":{"line":59,"column":9},"end":{"line":59,"column":21}},"loc":{"start":{"line":59,"column":38},"end":{"line":69,"column":1}},"line":59},"3":{"name":"(anonymous_3)","decl":{"start":{"line":61,"column":10},"end":{"line":61,"column":11}},"loc":{"start":{"line":61,"column":21},"end":{"line":67,"column":5}},"line":61},"4":{"name":"handleGetOne","decl":{"start":{"line":79,"column":9},"end":{"line":79,"column":21}},"loc":{"start":{"line":79,"column":38},"end":{"line":84,"column":1}},"line":79},"5":{"name":"(anonymous_5)","decl":{"start":{"line":82,"column":10},"end":{"line":82,"column":11}},"loc":{"start":{"line":82,"column":20},"end":{"line":82,"column":36}},"line":82},"6":{"name":"handlePost","decl":{"start":{"line":94,"column":9},"end":{"line":94,"column":19}},"loc":{"start":{"line":94,"column":36},"end":{"line":98,"column":1}},"line":94},"7":{"name":"(anonymous_7)","decl":{"start":{"line":96,"column":10},"end":{"line":96,"column":11}},"loc":{"start":{"line":96,"column":20},"end":{"line":96,"column":48}},"line":96},"8":{"name":"handlePut","decl":{"start":{"line":108,"column":9},"end":{"line":108,"column":18}},"loc":{"start":{"line":108,"column":35},"end":{"line":113,"column":1}},"line":108},"9":{"name":"(anonymous_9)","decl":{"start":{"line":111,"column":10},"end":{"line":111,"column":11}},"loc":{"start":{"line":111,"column":20},"end":{"line":111,"column":48}},"line":111},"10":{"name":"handleDelete","decl":{"start":{"line":123,"column":9},"end":{"line":123,"column":21}},"loc":{"start":{"line":123,"column":37},"end":{"line":128,"column":1}},"line":123},"11":{"name":"(anonymous_11)","decl":{"start":{"line":126,"column":10},"end":{"line":126,"column":11}},"loc":{"start":{"line":126,"column":20},"end":{"line":126,"column":48}},"line":126}},"branchMap":{"0":{"loc":{"start":{"line":20,"column":2},"end":{"line":31,"column":3}},"type":"switch","locations":[{"start":{"line":21,"column":2},"end":{"line":24,"column":11}},{"start":{"line":25,"column":2},"end":{"line":28,"column":11}},{"start":{"line":29,"column":2},"end":{"line":30,"column":26}}],"line":20}},"s":{"0":2,"1":2,"2":2,"3":2,"4":19,"5":19,"6":10,"7":10,"8":10,"9":9,"10":9,"11":9,"12":0,"13":2,"14":2,"15":2,"16":2,"17":2,"18":2,"19":2,"20":0,"21":3,"22":3,"23":3,"24":2,"25":2,"26":2,"27":10,"28":9,"29":2,"30":2,"31":2,"32":2,"33":2,"34":2,"35":2},"f":{"0":19,"1":0,"2":3,"3":3,"4":2,"5":2,"6":10,"7":9,"8":2,"9":2,"10":2,"11":2},"b":{"0":[10,9,0]},"_coverageSchema":"43e27e138ebf9cfc5966b082cf9a028302ed4184","hash":"e7f0c059a1ad60dd355d6952861e2748a8d68f88"}
}
