{"/Users/nataliealway/devstation/401/lab-08-express-routing/lib/server.js": {"path":"/Users/nataliealway/devstation/401/lab-08-express-routing/lib/server.js","statementMap":{"0":{"start":{"line":4,"column":16},"end":{"line":4,"column":34}},"1":{"start":{"line":5,"column":13},"end":{"line":5,"column":28}},"2":{"start":{"line":6,"column":15},"end":{"line":6,"column":32}},"3":{"start":{"line":9,"column":21},"end":{"line":9,"column":56}},"4":{"start":{"line":10,"column":17},"end":{"line":10,"column":51}},"5":{"start":{"line":13,"column":22},"end":{"line":13,"column":58}},"6":{"start":{"line":14,"column":23},"end":{"line":14,"column":62}},"7":{"start":{"line":17,"column":12},"end":{"line":17,"column":21}},"8":{"start":{"line":20,"column":0},"end":{"line":20,"column":16}},"9":{"start":{"line":21,"column":0},"end":{"line":21,"column":23}},"10":{"start":{"line":23,"column":0},"end":{"line":23,"column":24}},"11":{"start":{"line":24,"column":0},"end":{"line":24,"column":45}},"12":{"start":{"line":27,"column":0},"end":{"line":27,"column":24}},"13":{"start":{"line":28,"column":0},"end":{"line":28,"column":23}},"14":{"start":{"line":32,"column":0},"end":{"line":32,"column":18}},"15":{"start":{"line":33,"column":0},"end":{"line":33,"column":22}},"16":{"start":{"line":36,"column":0},"end":{"line":39,"column":2}},"17":{"start":{"line":38,"column":19},"end":{"line":38,"column":84}},"18":{"start":{"line":38,"column":42},"end":{"line":38,"column":82}}},"fnMap":{"0":{"name":"(anonymous_0)","decl":{"start":{"line":38,"column":9},"end":{"line":38,"column":10}},"loc":{"start":{"line":38,"column":19},"end":{"line":38,"column":84}},"line":38},"1":{"name":"(anonymous_1)","decl":{"start":{"line":38,"column":36},"end":{"line":38,"column":37}},"loc":{"start":{"line":38,"column":42},"end":{"line":38,"column":82}},"line":38}},"branchMap":{},"s":{"0":1,"1":1,"2":1,"3":1,"4":1,"5":1,"6":1,"7":1,"8":1,"9":1,"10":1,"11":1,"12":1,"13":1,"14":1,"15":1,"16":1,"17":0,"18":0},"f":{"0":0,"1":0},"b":{},"_coverageSchema":"43e27e138ebf9cfc5966b082cf9a028302ed4184","hash":"2ac1873ac7abc91a1ecd6c58931594890bf5fb5c"}
,"/Users/nataliealway/devstation/401/lab-08-express-routing/models/mongo.js": {"path":"/Users/nataliealway/devstation/401/lab-08-express-routing/models/mongo.js","statementMap":{"0":{"start":{"line":3,"column":13},"end":{"line":3,"column":31}},"1":{"start":{"line":13,"column":4},"end":{"line":13,"column":23}},"2":{"start":{"line":20,"column":4},"end":{"line":20,"column":47}},"3":{"start":{"line":21,"column":4},"end":{"line":23,"column":11}},"4":{"start":{"line":27,"column":19},"end":{"line":27,"column":90}},"5":{"start":{"line":27,"column":57},"end":{"line":27,"column":73}},"6":{"start":{"line":28,"column":4},"end":{"line":28,"column":37}},"7":{"start":{"line":32,"column":4},"end":{"line":32,"column":23}},"8":{"start":{"line":33,"column":4},"end":{"line":33,"column":31}},"9":{"start":{"line":34,"column":4},"end":{"line":34,"column":35}},"10":{"start":{"line":38,"column":4},"end":{"line":38,"column":82}},"11":{"start":{"line":38,"column":48},"end":{"line":38,"column":80}},"12":{"start":{"line":39,"column":4},"end":{"line":39,"column":35}},"13":{"start":{"line":43,"column":4},"end":{"line":43,"column":71}},"14":{"start":{"line":43,"column":53},"end":{"line":43,"column":69}},"15":{"start":{"line":44,"column":4},"end":{"line":44,"column":29}},"16":{"start":{"line":49,"column":0},"end":{"line":49,"column":23}}},"fnMap":{"0":{"name":"(anonymous_0)","decl":{"start":{"line":12,"column":2},"end":{"line":12,"column":3}},"loc":{"start":{"line":12,"column":16},"end":{"line":14,"column":3}},"line":12},"1":{"name":"(anonymous_1)","decl":{"start":{"line":19,"column":2},"end":{"line":19,"column":3}},"loc":{"start":{"line":19,"column":15},"end":{"line":24,"column":3}},"line":19},"2":{"name":"(anonymous_2)","decl":{"start":{"line":26,"column":2},"end":{"line":26,"column":3}},"loc":{"start":{"line":26,"column":10},"end":{"line":29,"column":3}},"line":26},"3":{"name":"(anonymous_3)","decl":{"start":{"line":27,"column":45},"end":{"line":27,"column":46}},"loc":{"start":{"line":27,"column":57},"end":{"line":27,"column":73}},"line":27},"4":{"name":"(anonymous_4)","decl":{"start":{"line":31,"column":2},"end":{"line":31,"column":3}},"loc":{"start":{"line":31,"column":17},"end":{"line":35,"column":3}},"line":31},"5":{"name":"(anonymous_5)","decl":{"start":{"line":37,"column":2},"end":{"line":37,"column":3}},"loc":{"start":{"line":37,"column":21},"end":{"line":40,"column":3}},"line":37},"6":{"name":"(anonymous_6)","decl":{"start":{"line":38,"column":38},"end":{"line":38,"column":39}},"loc":{"start":{"line":38,"column":48},"end":{"line":38,"column":80}},"line":38},"7":{"name":"(anonymous_7)","decl":{"start":{"line":42,"column":2},"end":{"line":42,"column":3}},"loc":{"start":{"line":42,"column":13},"end":{"line":45,"column":3}},"line":42},"8":{"name":"(anonymous_8)","decl":{"start":{"line":43,"column":41},"end":{"line":43,"column":42}},"loc":{"start":{"line":43,"column":53},"end":{"line":43,"column":69}},"line":43}},"branchMap":{"0":{"loc":{"start":{"line":21,"column":11},"end":{"line":23,"column":10}},"type":"cond-expr","locations":[{"start":{"line":22,"column":8},"end":{"line":22,"column":32}},{"start":{"line":23,"column":8},"end":{"line":23,"column":10}}],"line":21},"1":{"loc":{"start":{"line":27,"column":19},"end":{"line":27,"column":90}},"type":"cond-expr","locations":[{"start":{"line":27,"column":24},"end":{"line":27,"column":74}},{"start":{"line":27,"column":77},"end":{"line":27,"column":90}}],"line":27},"2":{"loc":{"start":{"line":38,"column":48},"end":{"line":38,"column":80}},"type":"cond-expr","locations":[{"start":{"line":38,"column":67},"end":{"line":38,"column":73}},{"start":{"line":38,"column":76},"end":{"line":38,"column":80}}],"line":38}},"s":{"0":1,"1":1,"2":0,"3":0,"4":1,"5":0,"6":1,"7":0,"8":0,"9":0,"10":0,"11":0,"12":0,"13":0,"14":0,"15":0,"16":1},"f":{"0":1,"1":0,"2":1,"3":0,"4":0,"5":0,"6":0,"7":0,"8":0},"b":{"0":[0,0],"1":[0,1],"2":[0,0]},"_coverageSchema":"43e27e138ebf9cfc5966b082cf9a028302ed4184","hash":"e7c51dd5b270d12d60ddab906073d05162bafce4"}
,"/Users/nataliealway/devstation/401/lab-08-express-routing/models/products/products-schema.js": {"path":"/Users/nataliealway/devstation/401/lab-08-express-routing/models/products/products-schema.js","statementMap":{"0":{"start":{"line":5,"column":17},"end":{"line":5,"column":36}},"1":{"start":{"line":7,"column":17},"end":{"line":12,"column":2}},"2":{"start":{"line":14,"column":0},"end":{"line":14,"column":54}}},"fnMap":{},"branchMap":{},"s":{"0":1,"1":1,"2":1},"f":{},"b":{},"_coverageSchema":"43e27e138ebf9cfc5966b082cf9a028302ed4184","hash":"4455700e2043cd9494b04309618bdef9e13b49da"}
,"/Users/nataliealway/devstation/401/lab-08-express-routing/models/products/products.js": {"path":"/Users/nataliealway/devstation/401/lab-08-express-routing/models/products/products.js","statementMap":{"0":{"start":{"line":5,"column":14},"end":{"line":5,"column":33}},"1":{"start":{"line":6,"column":15},"end":{"line":6,"column":43}},"2":{"start":{"line":9,"column":19},"end":{"line":9,"column":33}},"3":{"start":{"line":13,"column":0},"end":{"line":13,"column":26}}},"fnMap":{"0":{"name":"(anonymous_0)","decl":{"start":{"line":9,"column":2},"end":{"line":9,"column":3}},"loc":{"start":{"line":9,"column":17},"end":{"line":9,"column":35}},"line":9}},"branchMap":{},"s":{"0":1,"1":1,"2":1,"3":1},"f":{"0":1},"b":{},"_coverageSchema":"43e27e138ebf9cfc5966b082cf9a028302ed4184","hash":"a0caedb1a6b378c063b87478371e1b21b8523107"}
,"/Users/nataliealway/devstation/401/lab-08-express-routing/routes/products-routes.js": {"path":"/Users/nataliealway/devstation/401/lab-08-express-routing/routes/products-routes.js","statementMap":{"0":{"start":{"line":3,"column":16},"end":{"line":3,"column":34}},"1":{"start":{"line":6,"column":23},"end":{"line":6,"column":39}},"2":{"start":{"line":8,"column":17},"end":{"line":8,"column":58}},"3":{"start":{"line":9,"column":17},"end":{"line":9,"column":31}},"4":{"start":{"line":12,"column":0},"end":{"line":12,"column":52}},"5":{"start":{"line":13,"column":0},"end":{"line":13,"column":54}},"6":{"start":{"line":14,"column":0},"end":{"line":14,"column":55}},"7":{"start":{"line":15,"column":0},"end":{"line":15,"column":56}},"8":{"start":{"line":16,"column":0},"end":{"line":16,"column":62}},"9":{"start":{"line":21,"column":2},"end":{"line":29,"column":17}},"10":{"start":{"line":23,"column":21},"end":{"line":26,"column":7}},"11":{"start":{"line":27,"column":6},"end":{"line":27,"column":40}},"12":{"start":{"line":39,"column":2},"end":{"line":41,"column":17}},"13":{"start":{"line":40,"column":20},"end":{"line":40,"column":56}},"14":{"start":{"line":51,"column":2},"end":{"line":53,"column":17}},"15":{"start":{"line":52,"column":20},"end":{"line":52,"column":53}},"16":{"start":{"line":63,"column":2},"end":{"line":65,"column":17}},"17":{"start":{"line":64,"column":20},"end":{"line":64,"column":53}},"18":{"start":{"line":75,"column":2},"end":{"line":77,"column":17}},"19":{"start":{"line":76,"column":20},"end":{"line":76,"column":53}},"20":{"start":{"line":82,"column":0},"end":{"line":82,"column":32}}},"fnMap":{"0":{"name":"getProducts","decl":{"start":{"line":19,"column":9},"end":{"line":19,"column":20}},"loc":{"start":{"line":19,"column":46},"end":{"line":30,"column":1}},"line":19},"1":{"name":"(anonymous_1)","decl":{"start":{"line":22,"column":10},"end":{"line":22,"column":11}},"loc":{"start":{"line":22,"column":18},"end":{"line":28,"column":5}},"line":22},"2":{"name":"getProduct","decl":{"start":{"line":38,"column":9},"end":{"line":38,"column":19}},"loc":{"start":{"line":38,"column":45},"end":{"line":42,"column":1}},"line":38},"3":{"name":"(anonymous_3)","decl":{"start":{"line":40,"column":10},"end":{"line":40,"column":11}},"loc":{"start":{"line":40,"column":20},"end":{"line":40,"column":56}},"line":40},"4":{"name":"postProducts","decl":{"start":{"line":50,"column":9},"end":{"line":50,"column":21}},"loc":{"start":{"line":50,"column":47},"end":{"line":54,"column":1}},"line":50},"5":{"name":"(anonymous_5)","decl":{"start":{"line":52,"column":10},"end":{"line":52,"column":11}},"loc":{"start":{"line":52,"column":20},"end":{"line":52,"column":53}},"line":52},"6":{"name":"putProducts","decl":{"start":{"line":62,"column":9},"end":{"line":62,"column":20}},"loc":{"start":{"line":62,"column":46},"end":{"line":66,"column":1}},"line":62},"7":{"name":"(anonymous_7)","decl":{"start":{"line":64,"column":10},"end":{"line":64,"column":11}},"loc":{"start":{"line":64,"column":20},"end":{"line":64,"column":53}},"line":64},"8":{"name":"deleteProducts","decl":{"start":{"line":74,"column":9},"end":{"line":74,"column":23}},"loc":{"start":{"line":74,"column":49},"end":{"line":78,"column":1}},"line":74},"9":{"name":"(anonymous_9)","decl":{"start":{"line":76,"column":10},"end":{"line":76,"column":11}},"loc":{"start":{"line":76,"column":20},"end":{"line":76,"column":53}},"line":76}},"branchMap":{},"s":{"0":1,"1":1,"2":1,"3":1,"4":1,"5":1,"6":1,"7":1,"8":1,"9":1,"10":1,"11":1,"12":0,"13":0,"14":0,"15":0,"16":0,"17":0,"18":0,"19":0,"20":1},"f":{"0":1,"1":1,"2":0,"3":0,"4":0,"5":0,"6":0,"7":0,"8":0,"9":0},"b":{},"_coverageSchema":"43e27e138ebf9cfc5966b082cf9a028302ed4184","hash":"6aa9fdba5be3a83fc557b3ebb39b1b328c585bcc"}
,"/Users/nataliealway/devstation/401/lab-08-express-routing/src/middleware/404.js": {"path":"/Users/nataliealway/devstation/401/lab-08-express-routing/src/middleware/404.js","statementMap":{"0":{"start":{"line":3,"column":0},"end":{"line":10,"column":2}},"1":{"start":{"line":4,"column":14},"end":{"line":4,"column":45}},"2":{"start":{"line":5,"column":2},"end":{"line":5,"column":23}},"3":{"start":{"line":6,"column":2},"end":{"line":6,"column":34}},"4":{"start":{"line":7,"column":2},"end":{"line":7,"column":52}},"5":{"start":{"line":8,"column":2},"end":{"line":8,"column":35}},"6":{"start":{"line":9,"column":2},"end":{"line":9,"column":12}}},"fnMap":{"0":{"name":"(anonymous_0)","decl":{"start":{"line":3,"column":17},"end":{"line":3,"column":18}},"loc":{"start":{"line":3,"column":35},"end":{"line":10,"column":1}},"line":3}},"branchMap":{},"s":{"0":1,"1":1,"2":1,"3":1,"4":1,"5":1,"6":1},"f":{"0":1},"b":{},"_coverageSchema":"43e27e138ebf9cfc5966b082cf9a028302ed4184","hash":"8c30fc37717ba27e2ad2324f3d6b62716beda8a3"}
,"/Users/nataliealway/devstation/401/lab-08-express-routing/src/middleware/error.js": {"path":"/Users/nataliealway/devstation/401/lab-08-express-routing/src/middleware/error.js","statementMap":{"0":{"start":{"line":3,"column":0},"end":{"line":10,"column":2}},"1":{"start":{"line":4,"column":14},"end":{"line":4,"column":28}},"2":{"start":{"line":5,"column":2},"end":{"line":5,"column":23}},"3":{"start":{"line":6,"column":2},"end":{"line":6,"column":37}},"4":{"start":{"line":7,"column":2},"end":{"line":7,"column":52}},"5":{"start":{"line":8,"column":2},"end":{"line":8,"column":37}},"6":{"start":{"line":9,"column":2},"end":{"line":9,"column":12}}},"fnMap":{"0":{"name":"(anonymous_0)","decl":{"start":{"line":3,"column":17},"end":{"line":3,"column":18}},"loc":{"start":{"line":3,"column":42},"end":{"line":10,"column":1}},"line":3}},"branchMap":{},"s":{"0":1,"1":0,"2":0,"3":0,"4":0,"5":0,"6":0},"f":{"0":0},"b":{},"_coverageSchema":"43e27e138ebf9cfc5966b082cf9a028302ed4184","hash":"9e88dbc62bb469dbcdab995890e60ee15bd53b20"}
}
