TN:
SF:/Users/nataliealway/devstation/401/lab-10-final-api-server/models/categories.js
FN:9,(anonymous_0)
FNF:1
FNH:1
FNDA:2,(anonymous_0)
DA:5,2
DA:6,2
DA:9,2
DA:12,2
LF:4
LH:4
BRF:0
BRH:0
end_of_record
TN:
SF:/Users/nataliealway/devstation/401/lab-10-final-api-server/models/mongo.js
FN:5,(anonymous_0)
FN:9,(anonymous_1)
FN:16,(anonymous_2)
FN:22,(anonymous_3)
FN:31,(anonymous_4)
FNF:5
FNH:5
FNDA:4,(anonymous_0)
FNDA:6,(anonymous_1)
FNDA:11,(anonymous_2)
FNDA:2,(anonymous_3)
FNDA:2,(anonymous_4)
DA:6,4
DA:10,6
DA:11,3
DA:13,3
DA:17,11
DA:18,11
DA:23,2
DA:24,2
DA:27,0
DA:32,2
DA:33,2
DA:36,0
DA:44,2
LF:13
LH:11
BRDA:10,0,0,3
BRDA:10,0,1,3
BRDA:23,1,0,2
BRDA:23,1,1,0
BRDA:23,2,0,2
BRDA:23,2,1,2
BRDA:32,3,0,2
BRDA:32,3,1,0
BRF:8
BRH:6
end_of_record
TN:
SF:/Users/nataliealway/devstation/401/lab-10-final-api-server/models/products.js
FN:9,(anonymous_0)
FNF:1
FNH:1
FNDA:2,(anonymous_0)
DA:5,2
DA:6,2
DA:9,2
DA:13,2
LF:4
LH:4
BRF:0
BRH:0
end_of_record
TN:
SF:/Users/nataliealway/devstation/401/lab-10-final-api-server/models/schema/categories-schema.js
FNF:0
FNH:0
DA:5,2
DA:7,2
DA:13,2
LF:3
LH:3
BRF:0
BRH:0
end_of_record
TN:
SF:/Users/nataliealway/devstation/401/lab-10-final-api-server/models/schema/products-schema.js
FNF:0
FNH:0
DA:5,2
DA:7,2
DA:14,2
LF:3
LH:3
BRF:0
BRH:0
end_of_record
TN:
SF:/Users/nataliealway/devstation/401/lab-10-final-api-server/src/server.js
FN:28,(anonymous_0)
FN:30,(anonymous_1)
FNF:2
FNH:0
FNDA:0,(anonymous_0)
FNDA:0,(anonymous_1)
DA:4,2
DA:5,2
DA:6,2
DA:9,2
DA:13,2
DA:16,2
DA:17,2
DA:19,2
DA:20,2
DA:21,2
DA:26,2
DA:29,0
DA:30,0
LF:13
LH:11
BRDA:29,0,0,0
BRDA:29,0,1,0
BRDA:29,0,2,0
BRF:3
BRH:0
end_of_record
TN:
SF:/Users/nataliealway/devstation/401/lab-10-final-api-server/src/routes/v1.js
FN:18,getModel
FN:47,(anonymous_1)
FN:59,handleGetAll
FN:61,(anonymous_3)
FN:79,handleGetOne
FN:82,(anonymous_5)
FN:94,handlePost
FN:96,(anonymous_7)
FN:108,handlePut
FN:111,(anonymous_9)
FN:123,handleDelete
FN:126,(anonymous_11)
FNF:12
FNH:11
FNDA:21,getModel
FNDA:0,(anonymous_1)
FNDA:3,handleGetAll
FNDA:3,(anonymous_3)
FNDA:3,handleGetOne
FNDA:3,(anonymous_5)
FNDA:11,handlePost
FNDA:10,(anonymous_7)
FNDA:2,handlePut
FNDA:2,(anonymous_9)
FNDA:2,handleDelete
FNDA:2,(anonymous_11)
DA:3,2
DA:4,2
DA:6,2
DA:7,2
DA:19,21
DA:20,21
DA:22,10
DA:23,10
DA:24,10
DA:26,11
DA:27,11
DA:28,11
DA:30,0
DA:34,2
DA:39,2
DA:40,2
DA:41,2
DA:42,2
DA:43,2
DA:47,2
DA:48,0
DA:60,3
DA:62,3
DA:66,3
DA:80,3
DA:81,3
DA:82,3
DA:95,11
DA:96,10
DA:109,2
DA:110,2
DA:111,2
DA:124,2
DA:125,2
DA:126,2
DA:130,2
LF:36
LH:34
BRDA:20,0,0,10
BRDA:20,0,1,11
BRDA:20,0,2,0
BRF:3
BRH:2
end_of_record
