TN:
SF:/Users/nataliealway/devstation/401/lab-10-final-api-server/models/categories.js
FN:9,(anonymous_0)
FNF:1
FNH:1
FNDA:2,(anonymous_0)
DA:5,2
DA:6,2
DA:9,2
DA:12,2
LF:4
LH:4
BRF:0
BRH:0
end_of_record
TN:
SF:/Users/nataliealway/devstation/401/lab-10-final-api-server/models/mongo.js
FN:5,(anonymous_0)
FN:9,(anonymous_1)
FN:16,(anonymous_2)
FN:22,(anonymous_3)
FN:31,(anonymous_4)
FNF:5
FNH:1
FNDA:4,(anonymous_0)
FNDA:0,(anonymous_1)
FNDA:0,(anonymous_2)
FNDA:0,(anonymous_3)
FNDA:0,(anonymous_4)
DA:6,4
DA:10,0
DA:11,0
DA:13,0
DA:17,0
DA:18,0
DA:23,0
DA:24,0
DA:27,0
DA:32,0
DA:33,0
DA:36,0
DA:44,2
LF:13
LH:2
BRDA:10,0,0,0
BRDA:10,0,1,0
BRDA:23,1,0,0
BRDA:23,1,1,0
BRDA:23,2,0,0
BRDA:23,2,1,0
BRDA:32,3,0,0
BRDA:32,3,1,0
BRF:8
BRH:0
end_of_record
TN:
SF:/Users/nataliealway/devstation/401/lab-10-final-api-server/models/products.js
FN:9,(anonymous_0)
FNF:1
FNH:1
FNDA:2,(anonymous_0)
DA:5,2
DA:6,2
DA:9,2
DA:13,2
LF:4
LH:4
BRF:0
BRH:0
end_of_record
TN:
SF:/Users/nataliealway/devstation/401/lab-10-final-api-server/models/schema/categories-schema.js
FNF:0
FNH:0
DA:5,2
DA:7,2
DA:13,2
LF:3
LH:3
BRF:0
BRH:0
end_of_record
TN:
SF:/Users/nataliealway/devstation/401/lab-10-final-api-server/models/schema/products-schema.js
FNF:0
FNH:0
DA:5,2
DA:7,2
DA:14,2
LF:3
LH:3
BRF:0
BRH:0
end_of_record
TN:
SF:/Users/nataliealway/devstation/401/lab-10-final-api-server/src/server.js
FN:34,(anonymous_0)
FN:36,(anonymous_1)
FNF:2
FNH:0
FNDA:0,(anonymous_0)
FNDA:0,(anonymous_1)
DA:3,2
DA:5,2
DA:6,2
DA:7,2
DA:11,2
DA:12,2
DA:15,2
DA:19,2
DA:22,2
DA:23,2
DA:25,2
DA:26,2
DA:27,2
DA:32,2
DA:35,0
DA:36,0
LF:16
LH:14
BRDA:35,0,0,0
BRDA:35,0,1,0
BRDA:35,0,2,0
BRF:3
BRH:0
end_of_record
TN:
SF:/Users/nataliealway/devstation/401/lab-10-final-api-server/src/middleware/404.js
FN:3,(anonymous_0)
FNF:1
FNH:0
FNDA:0,(anonymous_0)
DA:3,2
DA:4,0
DA:5,0
DA:6,0
DA:7,0
DA:8,0
DA:9,0
LF:7
LH:1
BRF:0
BRH:0
end_of_record
TN:
SF:/Users/nataliealway/devstation/401/lab-10-final-api-server/src/middleware/error.js
FN:3,(anonymous_0)
FNF:1
FNH:0
FNDA:0,(anonymous_0)
DA:3,2
DA:4,0
DA:5,0
DA:6,0
DA:7,0
DA:8,0
DA:9,0
LF:7
LH:1
BRF:0
BRH:0
end_of_record
TN:
SF:/Users/nataliealway/devstation/401/lab-10-final-api-server/src/routes/v1.js
FN:11,getModel
FN:35,(anonymous_1)
FN:41,handleGetAll
FN:43,(anonymous_3)
FN:48,handleGetOne
FN:51,(anonymous_5)
FN:54,handlePost
FN:56,(anonymous_7)
FN:60,handlePut
FN:62,(anonymous_9)
FN:66,handleDelete
FN:68,(anonymous_11)
FNF:12
FNH:1
FNDA:2,getModel
FNDA:0,(anonymous_1)
FNDA:0,handleGetAll
FNDA:0,(anonymous_3)
FNDA:0,handleGetOne
FNDA:0,(anonymous_5)
FNDA:0,handlePost
FNDA:0,(anonymous_7)
FNDA:0,handlePut
FNDA:0,(anonymous_9)
FNDA:0,handleDelete
FNDA:0,(anonymous_11)
DA:3,2
DA:4,2
DA:7,2
DA:8,2
DA:12,2
DA:13,2
DA:15,1
DA:16,0
DA:17,0
DA:19,1
DA:20,0
DA:21,0
DA:23,0
DA:27,2
DA:29,2
DA:30,2
DA:31,2
DA:32,2
DA:33,2
DA:35,2
DA:36,0
DA:42,0
DA:43,0
DA:49,0
DA:50,0
DA:51,0
DA:55,0
DA:56,0
DA:61,0
DA:62,0
DA:67,0
DA:68,0
DA:72,2
LF:33
LH:16
BRDA:13,0,0,1
BRDA:13,0,1,1
BRDA:13,0,2,0
BRF:3
BRH:2
end_of_record
